[2025-12-12T01:18:46.736Z] info: kubernetes.yaml was copied to the config folder
[2025-12-12T02:49:17.865Z] info: docker.yaml was copied to the config folder
[2025-12-12T02:49:17.867Z] info: services.yaml was copied to the config folder
[2025-12-12T02:49:17.867Z] info: bookmarks.yaml was copied to the config folder
[2025-12-12T02:49:17.869Z] info: proxmox.yaml was copied to the config folder
[2025-12-12T02:49:17.874Z] info: widgets.yaml was copied to the config folder
[2025-12-12T02:49:17.875Z] info: custom.css was copied to the config folder
[2025-12-12T02:49:17.875Z] info: custom.js was copied to the config folder
[2026-02-08T01:33:10.892Z] error: <httpProxy> Error calling http://truenas-scale:31014/...
[2026-02-08T01:33:10.916Z] error: <httpProxy> [
  500,
  [Error: getaddrinfo ENOTFOUND truenas-scale] {
    errno: -3008,
    code: 'ENOTFOUND',
    syscall: 'getaddrinfo',
    hostname: 'truenas-scale'
  }
]
[2026-02-08T01:33:10.940Z] error: <httpProxy> Error calling http://truenas-scale:31014/...
[2026-02-08T01:33:10.941Z] error: <httpProxy> [
  500,
  [Error: getaddrinfo ENOTFOUND truenas-scale] {
    errno: -3008,
    code: 'ENOTFOUND',
    syscall: 'getaddrinfo',
    hostname: 'truenas-scale'
  }
]
[2026-02-08T01:33:11.858Z] error: <httpProxy> Error calling http://truenas-scale:31014/...
[2026-02-08T01:33:11.861Z] error: <httpProxy> [
  500,
  [Error: getaddrinfo ENOTFOUND truenas-scale] {
    errno: -3008,
    code: 'ENOTFOUND',
    syscall: 'getaddrinfo',
    hostname: 'truenas-scale'
  }
]
[2026-02-08T01:33:11.879Z] error: <httpProxy> Error calling http://truenas-scale:31014/...
[2026-02-08T01:33:11.881Z] error: <httpProxy> [
  500,
  [Error: getaddrinfo ENOTFOUND truenas-scale] {
    errno: -3008,
    code: 'ENOTFOUND',
    syscall: 'getaddrinfo',
    hostname: 'truenas-scale'
  }
]
[2026-02-08T01:33:23.056Z] error: <httpProxy> Error calling http://truenas-scale:31014/...
[2026-02-08T01:33:23.057Z] error: <httpProxy> [
  500,
  [Error: getaddrinfo ENOTFOUND truenas-scale] {
    errno: -3008,
    code: 'ENOTFOUND',
    syscall: 'getaddrinfo',
    hostname: 'truenas-scale'
  }
]
[2026-02-08T01:33:23.069Z] error: <httpProxy> Error calling http://truenas-scale:31014/...
[2026-02-08T01:33:23.071Z] error: <httpProxy> [
  500,
  [Error: getaddrinfo ENOTFOUND truenas-scale] {
    errno: -3008,
    code: 'ENOTFOUND',
    syscall: 'getaddrinfo',
    hostname: 'truenas-scale'
  }
]
[2026-02-08T01:33:28.987Z] error: <httpProxy> Error calling http://truenas-scale:31014/...
[2026-02-08T01:33:28.987Z] error: <httpProxy> [
  500,
  [Error: getaddrinfo ENOTFOUND truenas-scale] {
    errno: -3008,
    code: 'ENOTFOUND',
    syscall: 'getaddrinfo',
    hostname: 'truenas-scale'
  }
]
[2026-02-08T01:33:29.000Z] error: <httpProxy> Error calling http://truenas-scale:31014/...
[2026-02-08T01:33:29.002Z] error: <httpProxy> [
  500,
  [Error: getaddrinfo ENOTFOUND truenas-scale] {
    errno: -3008,
    code: 'ENOTFOUND',
    syscall: 'getaddrinfo',
    hostname: 'truenas-scale'
  }
]
[2026-02-08T01:33:53.938Z] error: <httpProxy> Error calling http://truenas-scale:31014/...
[2026-02-08T01:33:53.938Z] error: <httpProxy> [
  500,
  [Error: getaddrinfo ENOTFOUND truenas-scale] {
    errno: -3008,
    code: 'ENOTFOUND',
    syscall: 'getaddrinfo',
    hostname: 'truenas-scale'
  }
]
[2026-02-08T01:33:53.951Z] error: <httpProxy> Error calling http://truenas-scale:31014/...
[2026-02-08T01:33:53.951Z] error: <httpProxy> [
  500,
  [Error: getaddrinfo ENOTFOUND truenas-scale] {
    errno: -3008,
    code: 'ENOTFOUND',
    syscall: 'getaddrinfo',
    hostname: 'truenas-scale'
  }
]
[2026-02-08T01:34:23.683Z] error: <httpProxy> Error calling http://truenas-scale:31014/...
[2026-02-08T01:34:23.683Z] error: <httpProxy> [
  500,
  [Error: getaddrinfo ENOTFOUND truenas-scale] {
    errno: -3008,
    code: 'ENOTFOUND',
    syscall: 'getaddrinfo',
    hostname: 'truenas-scale'
  }
]
[2026-02-08T01:34:23.697Z] error: <httpProxy> Error calling http://truenas-scale:31014/...
[2026-02-08T01:34:23.699Z] error: <httpProxy> [
  500,
  [Error: getaddrinfo ENOTFOUND truenas-scale] {
    errno: -3008,
    code: 'ENOTFOUND',
    syscall: 'getaddrinfo',
    hostname: 'truenas-scale'
  }
]
[2026-02-08T01:34:43.085Z] error: <httpProxy> Error calling http://truenas-scale:31014/...
[2026-02-08T01:34:43.085Z] error: <httpProxy> [
  500,
  [Error: getaddrinfo ENOTFOUND truenas-scale] {
    errno: -3008,
    code: 'ENOTFOUND',
    syscall: 'getaddrinfo',
    hostname: 'truenas-scale'
  }
]
[2026-02-08T01:34:43.101Z] error: <httpProxy> Error calling http://truenas-scale:31014/...
[2026-02-08T01:34:43.103Z] error: <httpProxy> [
  500,
  [Error: getaddrinfo ENOTFOUND truenas-scale] {
    errno: -3008,
    code: 'ENOTFOUND',
    syscall: 'getaddrinfo',
    hostname: 'truenas-scale'
  }
]
[2026-02-08T01:34:44.649Z] error: <httpProxy> Error calling http://truenas-scale:30024/...
[2026-02-08T01:34:44.651Z] error: <httpProxy> [
  500,
  [Error: getaddrinfo ENOTFOUND truenas-scale] {
    errno: -3008,
    code: 'ENOTFOUND',
    syscall: 'getaddrinfo',
    hostname: 'truenas-scale'
  }
]
[2026-02-08T01:34:44.653Z] error: <httpProxy> Error calling http://truenas-scale:31014/...
[2026-02-08T01:34:44.655Z] error: <httpProxy> [
  500,
  [Error: getaddrinfo ENOTFOUND truenas-scale] {
    errno: -3008,
    code: 'ENOTFOUND',
    syscall: 'getaddrinfo',
    hostname: 'truenas-scale'
  }
]
[2026-02-08T01:34:44.664Z] error: <httpProxy> Error calling http://truenas-scale:30024/...
[2026-02-08T01:34:44.664Z] error: <httpProxy> [
  500,
  [Error: getaddrinfo ENOTFOUND truenas-scale] {
    errno: -3008,
    code: 'ENOTFOUND',
    syscall: 'getaddrinfo',
    hostname: 'truenas-scale'
  }
]
[2026-02-08T01:34:44.668Z] error: <httpProxy> Error calling http://truenas-scale:31014/...
[2026-02-08T01:34:44.668Z] error: <httpProxy> [
  500,
  [Error: getaddrinfo ENOTFOUND truenas-scale] {
    errno: -3008,
    code: 'ENOTFOUND',
    syscall: 'getaddrinfo',
    hostname: 'truenas-scale'
  }
]
[2026-02-08T01:36:06.822Z] error: <httpProxy> Error calling http://truenas-scale:30024/...
[2026-02-08T01:36:06.823Z] error: <httpProxy> [
  500,
  [Error: getaddrinfo ENOTFOUND truenas-scale] {
    errno: -3008,
    code: 'ENOTFOUND',
    syscall: 'getaddrinfo',
    hostname: 'truenas-scale'
  }
]
[2026-02-08T01:36:06.823Z] error: <httpProxy> Error calling http://truenas-scale:31014/...
[2026-02-08T01:36:06.824Z] error: <httpProxy> [
  500,
  [Error: getaddrinfo ENOTFOUND truenas-scale] {
    errno: -3008,
    code: 'ENOTFOUND',
    syscall: 'getaddrinfo',
    hostname: 'truenas-scale'
  }
]
[2026-02-08T01:36:06.834Z] error: <httpProxy> Error calling http://truenas-scale:30024/...
[2026-02-08T01:36:06.834Z] error: <httpProxy> [
  500,
  [Error: getaddrinfo ENOTFOUND truenas-scale] {
    errno: -3008,
    code: 'ENOTFOUND',
    syscall: 'getaddrinfo',
    hostname: 'truenas-scale'
  }
]
[2026-02-08T01:36:06.835Z] error: <httpProxy> Error calling http://truenas-scale:31014/...
[2026-02-08T01:36:06.835Z] error: <httpProxy> [
  500,
  [Error: getaddrinfo ENOTFOUND truenas-scale] {
    errno: -3008,
    code: 'ENOTFOUND',
    syscall: 'getaddrinfo',
    hostname: 'truenas-scale'
  }
]
[2026-02-08T01:36:16.099Z] error: <httpProxy> Error calling http://truenas-scale:31014/...
[2026-02-08T01:36:16.101Z] error: <httpProxy> [
  500,
  [Error: getaddrinfo ENOTFOUND truenas-scale] {
    errno: -3008,
    code: 'ENOTFOUND',
    syscall: 'getaddrinfo',
    hostname: 'truenas-scale'
  }
]
[2026-02-08T01:36:16.101Z] error: <httpProxy> Error calling http://truenas-scale:30024/...
[2026-02-08T01:36:16.102Z] error: <httpProxy> [
  500,
  [Error: getaddrinfo ENOTFOUND truenas-scale] {
    errno: -3008,
    code: 'ENOTFOUND',
    syscall: 'getaddrinfo',
    hostname: 'truenas-scale'
  }
]
[2026-02-08T01:36:16.112Z] error: <httpProxy> Error calling http://truenas-scale:31014/...
[2026-02-08T01:36:16.113Z] error: <httpProxy> [
  500,
  [Error: getaddrinfo ENOTFOUND truenas-scale] {
    errno: -3008,
    code: 'ENOTFOUND',
    syscall: 'getaddrinfo',
    hostname: 'truenas-scale'
  }
]
[2026-02-08T01:36:16.114Z] error: <httpProxy> Error calling http://truenas-scale:30024/...
[2026-02-08T01:36:16.115Z] error: <httpProxy> [
  500,
  [Error: getaddrinfo ENOTFOUND truenas-scale] {
    errno: -3008,
    code: 'ENOTFOUND',
    syscall: 'getaddrinfo',
    hostname: 'truenas-scale'
  }
]
[2026-02-08T01:51:28.305Z] error: undefined
[2026-02-08T01:59:36.770Z] error: undefined
